<?xml version="1.0" encoding="UTF-8"?>
<!-- Generated by org.testng.reporters.JUnitReportReporter -->
<testsuite hostname="DESKTOP-8995CNM" failures="0" tests="2" name="testng.ParameterizationUsingXmlFile" time="0.018" errors="0" timestamp="2022-06-01T07:18:38 IST" skipped="0">
  <testcase classname="testng.ParameterizationUsingXmlFile" name="testCase1" time="0.015"/>
  <system-out/>
  <testcase classname="testng.ParameterizationUsingXmlFile" name="testCase2" time="0.003"/>
  <system-out/>
</testsuite> <!-- testng.ParameterizationUsingXmlFile -->
