<?xml version="1.0" encoding="UTF-8"?>
<!-- Generated by org.testng.reporters.JUnitReportReporter -->
<testsuite hostname="DESKTOP-8995CNM" failures="0" tests="1" name="basics.FindByIDDemo" time="12.040" errors="0" timestamp="2022-05-31T07:35:31 IST" skipped="0">
  <testcase classname="basics.FindByIDDemo" name="findByIdDemo" time="12.040"/>
  <system-out/>
</testsuite> <!-- basics.FindByIDDemo -->
