<?xml version="1.0" encoding="UTF-8"?>
<!-- Generated by org.testng.reporters.JUnitReportReporter -->
<testsuite hostname="DESKTOP-8995CNM" failures="0" tests="4" name="testng.BeforeAndAfterDemo" time="0.020" errors="0" timestamp="2022-05-31T07:44:14 IST" skipped="0">
  <testcase classname="testng.BeforeAndAfterDemo" name="loginNegativeScenario1" time="0.003"/>
  <system-out/>
  <testcase classname="testng.BeforeAndAfterDemo" name="loginPositiveScenario1" time="0.010"/>
  <system-out/>
  <testcase classname="testng.BeforeAndAfterDemo" name="loginNegativeScenario2" time="0.005"/>
  <system-out/>
  <testcase classname="testng.BeforeAndAfterDemo" name="loginPositiveScenario2" time="0.002"/>
  <system-out/>
</testsuite> <!-- testng.BeforeAndAfterDemo -->
