<?xml version="1.0" encoding="UTF-8"?>
<!-- Generated by org.testng.reporters.JUnitReportReporter -->
<testsuite hostname="DESKTOP-8995CNM" failures="0" tests="4" name="testng.TestNGDemo" time="0.020" errors="0" timestamp="2022-05-27T07:40:12 IST" skipped="1">
  <testcase classname="testng.TestNGDemo" name="testCase4" time="0.002"/>
  <system-out/>
  <testcase classname="testng.TestNGDemo" name="testCase5" time="0.003"/>
  <system-out/>
  <testcase classname="testng.TestNGDemo" name="testCase3" time="0.015"/>
  <system-out/>
  <testcase classname="testng.TestNGDemo" name="testCase1">
    <skipped/>
  </testcase> <!-- testCase1 -->
  <system-out/>
</testsuite> <!-- testng.TestNGDemo -->
