<?xml version="1.0" encoding="UTF-8"?>
<!-- Generated by org.testng.reporters.JUnitReportReporter -->
<testsuite hostname="DESKTOP-8995CNM" failures="0" tests="5" name="testng.TestNGPriorityDemo" time="0.030" errors="0" timestamp="2022-05-27T07:58:50 IST" skipped="0">
  <testcase classname="testng.TestNGPriorityDemo" name="testCase5" time="0.003"/>
  <system-out/>
  <testcase classname="testng.TestNGPriorityDemo" name="testCase3" time="0.003"/>
  <system-out/>
  <testcase classname="testng.TestNGPriorityDemo" name="testCase2" time="0.020"/>
  <system-out/>
  <testcase classname="testng.TestNGPriorityDemo" name="testCase4" time="0.003"/>
  <system-out/>
  <testcase classname="testng.TestNGPriorityDemo" name="testCase1" time="0.001"/>
  <system-out/>
</testsuite> <!-- testng.TestNGPriorityDemo -->
