<?xml version="1.0" encoding="UTF-8"?>
<!-- Generated by org.testng.reporters.JUnitReportReporter -->
<testsuite hostname="DESKTOP-8995CNM" failures="0" tests="8" name="testng.DataProviderInSameClass" time="0.025" errors="0" timestamp="2022-06-01T07:39:41 IST" skipped="0">
  <testcase classname="testng.DataProviderInSameClass" name="verifyLogin1" time="0.001"/>
  <system-out/>
  <testcase classname="testng.DataProviderInSameClass" name="verifyLogin" time="0.001"/>
  <system-out/>
  <testcase classname="testng.DataProviderInSameClass" name="verifyLogin" time="0.004"/>
  <system-out/>
  <testcase classname="testng.DataProviderInSameClass" name="verifyLogin1" time="0.002"/>
  <system-out/>
  <testcase classname="testng.DataProviderInSameClass" name="verifyLogin1" time="0.005"/>
  <system-out/>
  <testcase classname="testng.DataProviderInSameClass" name="verifyLogin1" time="0.001"/>
  <system-out/>
  <testcase classname="testng.DataProviderInSameClass" name="verifyLogin" time="0.010"/>
  <system-out/>
  <testcase classname="testng.DataProviderInSameClass" name="verifyLogin" time="0.001"/>
  <system-out/>
</testsuite> <!-- testng.DataProviderInSameClass -->
